#
# There is insufficient memory for the Java Runtime Environment to continue.
# Native memory allocation (malloc) failed to allocate 1048576 bytes for AllocateHeap
# Possible reasons:
#   The system is out of physical RAM or swap space
#   The process is running with CompressedOops enabled, and the Java Heap may be blocking the growth of the native heap
# Possible solutions:
#   Reduce memory load on the system
#   Increase physical memory or swap space
#   Check if swap backing store is full
#   Decrease Java heap size (-Xmx/-Xms)
#   Decrease number of Java threads
#   Decrease Java thread stack sizes (-Xss)
#   Set larger code cache with -XX:ReservedCodeCacheSize=
#   JVM is running with Unscaled Compressed Oops mode in which the Java heap is
#     placed in the first 4GB address space. The Java Heap base address is the
#     maximum limit for the native heap growth. Please use -XX:HeapBaseMinAddress
#     to set the Java Heap base and to place the Java Heap above 4GB virtual address.
# This output file may be truncated or incomplete.
#
#  Out of Memory Error (allocation.cpp:44), pid=2756, tid=17584
#
# JRE version:  (18.0.2.1+1) (build )
# Java VM: Java HotSpot(TM) 64-Bit Server VM (18.0.2.1+1-1, mixed mode, sharing, tiered, compressed oops, compressed class ptrs, g1 gc, windows-amd64)
# No core dump will be written. Minidumps are not enabled by default on client versions of Windows
#

---------------  S U M M A R Y ------------

Command Line: -Xmx64m -Xms64m -Dorg.gradle.appname=gradlew org.gradle.wrapper.GradleWrapperMain app:installDebug -PreactNativeDevServerPort=8081

Host: Intel(R) Core(TM) i7-7500U CPU @ 2.70GHz, 4 cores, 7G,  Windows 10 , 64 bit Build 19041 (10.0.19041.1889)
Time: Thu Oct 13 16:06:22 2022 Hora Padrão de Buenos Aires elapsed time: 0.738769 seconds (0d 0h 0m 0s)

---------------  T H R E A D  ---------------

Current thread (0x0000020bbb8d0660):  JavaThread "Unknown thread" [_thread_in_vm, id=17584, stack(0x00000028d6400000,0x00000028d6500000)]

Stack: [0x00000028d6400000,0x00000028d6500000]
Native frames: (J=compiled Java code, j=interpreted, Vv=VM code, C=native code)
V  [jvm.dll+0x6993aa]
V  [jvm.dll+0x7f46dd]
V  [jvm.dll+0x7f5fee]
V  [jvm.dll+0x7f66a3]
V  [jvm.dll+0x25cf1f]
V  [jvm.dll+0xb31af]
V  [jvm.dll+0x2f7f89]
V  [jvm.dll+0x7c32db]
V  [jvm.dll+0x38be61]
V  [jvm.dll+0x7a2023]
V  [jvm.dll+0x40dc3f]
V  [jvm.dll+0x40f611]
C  [jli.dll+0x526b]
C  [ucrtbase.dll+0x21bb2]
C  [KERNEL32.DLL+0x17034]
C  [ntdll.dll+0x526a1]


---------------  P R O C E S S  ---------------

Threads class SMR info:
_java_thread_list=0x00007ffffa7de550, length=0, elements={
}

Java Threads: ( => current thread )

Other Threads:

=>0x0000020bbb8d0660 (exited) JavaThread "Unknown thread" [_thread_in_vm, id=17584, stack(0x00000028d6400000,0x00000028d6500000)]

Threads with active compile tasks:

VM state: not at safepoint (not fully initialized)

VM Mutex/Monitor currently owned by a thread: None

Heap address: 0x0000000000000000, size: 0 MB, Compressed Oops mode: 32-bit

CDS archive(s) mapped at: [0x0000000000000000-0x0000000000000000-0x0000000000000000), size 0, SharedBaseAddress: 0x0000000800000000, ArchiveRelocationMode: 0.
Narrow klass base: 0x0000000000000000, Narrow klass shift: 0, Narrow klass range: 0x0

GC Precious Log:
 CardTable entry size: 512
 Card Set container configuration: InlinePtr #cards 5 size 8 Array Of Cards #cards 12 size 40 Howl #buckets 4 coarsen threshold 1843 Howl Bitmap #cards 512 size 80 coarsen threshold 460 Card regions per heap region 1 cards per card region 2048

GC Heap History (0 events):
No events

Deoptimization events (0 events):
No events

Classes loaded (0 events):
No events

Classes unloaded (0 events):
No events

Classes redefined (0 events):
No events

Internal exceptions (0 events):
No events

VM Operations (0 events):
No events

Events (1 events):
Event: 0.020 Loaded shared library C:\Program Files\Java\jdk-18.0.2.1\bin\java.dll


Dynamic libraries:
0x00007ff6da3c0000 - 0x00007ff6da3d0000 	C:\Program Files\Java\jdk-18.0.2.1\bin\java.exe
0x00007ff898770000 - 0x00007ff898968000 	C:\WINDOWS\SYSTEM32\ntdll.dll
0x00007ff890510000 - 0x00007ff890527000 	C:\Program Files\AVAST Software\Avast\aswhook.dll
0x00007ff896b00000 - 0x00007ff896bbd000 	C:\WINDOWS\System32\KERNEL32.DLL
0x00007ff896060000 - 0x00007ff896332000 	C:\WINDOWS\System32\KERNELBASE.dll
0x00007ff8965d0000 - 0x00007ff8966d0000 	C:\WINDOWS\System32\ucrtbase.dll
0x00007ff885450000 - 0x00007ff88546a000 	C:\Program Files\Java\jdk-18.0.2.1\bin\VCRUNTIME140.dll
0x00007ff8859d0000 - 0x00007ff8859e8000 	C:\Program Files\Java\jdk-18.0.2.1\bin\jli.dll
0x00007ff8967e0000 - 0x00007ff89688e000 	C:\WINDOWS\System32\ADVAPI32.dll
0x00007ff8985b0000 - 0x00007ff89864e000 	C:\WINDOWS\System32\msvcrt.dll
0x00007ff898210000 - 0x00007ff8982ac000 	C:\WINDOWS\System32\sechost.dll
0x00007ff898460000 - 0x00007ff898585000 	C:\WINDOWS\System32\RPCRT4.dll
0x00007ff897ec0000 - 0x00007ff89805d000 	C:\WINDOWS\System32\USER32.dll
0x00007ff895ed0000 - 0x00007ff895ef2000 	C:\WINDOWS\System32\win32u.dll
0x00007ff898060000 - 0x00007ff89808b000 	C:\WINDOWS\System32\GDI32.dll
0x00007ff8964c0000 - 0x00007ff8965cf000 	C:\WINDOWS\System32\gdi32full.dll
0x00007ff8963f0000 - 0x00007ff89648d000 	C:\WINDOWS\System32\msvcp_win.dll
0x00007ff88eef0000 - 0x00007ff88eefa000 	C:\WINDOWS\SYSTEM32\VERSION.dll
0x00007ff88a1c0000 - 0x00007ff88a45a000 	C:\WINDOWS\WinSxS\amd64_microsoft.windows.common-controls_6595b64144ccf1df_6.0.19041.1110_none_60b5254171f9507e\COMCTL32.dll
0x00007ff897cc0000 - 0x00007ff897cf0000 	C:\WINDOWS\System32\IMM32.DLL
0x00007ff88c900000 - 0x00007ff88c90c000 	C:\Program Files\Java\jdk-18.0.2.1\bin\vcruntime140_1.dll
0x00007ff882dc0000 - 0x00007ff882e4d000 	C:\Program Files\Java\jdk-18.0.2.1\bin\msvcp140.dll
0x00007ffff9d00000 - 0x00007ffffa911000 	C:\Program Files\Java\jdk-18.0.2.1\bin\server\jvm.dll
0x00007ff896bc0000 - 0x00007ff896bc8000 	C:\WINDOWS\System32\PSAPI.DLL
0x00007ff889f50000 - 0x00007ff889f59000 	C:\WINDOWS\SYSTEM32\WSOCK32.dll
0x00007ff897bf0000 - 0x00007ff897c5b000 	C:\WINDOWS\System32\WS2_32.dll
0x00007ff8819c0000 - 0x00007ff8819e7000 	C:\WINDOWS\SYSTEM32\WINMM.dll
0x00007ff894720000 - 0x00007ff894732000 	C:\WINDOWS\SYSTEM32\kernel.appcore.dll
0x00007ff8857f0000 - 0x00007ff8857fa000 	C:\Program Files\Java\jdk-18.0.2.1\bin\jimage.dll
0x00007ff893bf0000 - 0x00007ff893dd4000 	C:\WINDOWS\SYSTEM32\DBGHELP.DLL
0x00007ff88da40000 - 0x00007ff88da6c000 	C:\WINDOWS\SYSTEM32\dbgcore.DLL
0x00007ff8966d0000 - 0x00007ff896752000 	C:\WINDOWS\System32\bcryptPrimitives.dll
0x00007ff884ca0000 - 0x00007ff884cc5000 	C:\Program Files\Java\jdk-18.0.2.1\bin\java.dll

dbghelp: loaded successfully - version: 4.0.5 - missing functions: none
symbol engine: initialized successfully - sym options: 0x614 - pdb path: .;C:\Program Files\Java\jdk-18.0.2.1\bin;C:\WINDOWS\SYSTEM32;C:\Program Files\AVAST Software\Avast;C:\WINDOWS\WinSxS\amd64_microsoft.windows.common-controls_6595b64144ccf1df_6.0.19041.1110_none_60b5254171f9507e;C:\Program Files\Java\jdk-18.0.2.1\bin\server

VM Arguments:
jvm_args: -Xmx64m -Xms64m -Dorg.gradle.appname=gradlew 
java_command: org.gradle.wrapper.GradleWrapperMain app:installDebug -PreactNativeDevServerPort=8081
java_class_path (initial): C:\Users\ozima\Dropbox\Ozimar\Sesc\Tecnico\Estudos\Modulo_D\PI - Desenvolvedor Mobile\Agenda\android\\gradle\wrapper\gradle-wrapper.jar
Launcher Type: SUN_STANDARD

[Global flags]
     intx CICompilerCount                          = 3                                         {product} {ergonomic}
     uint ConcGCThreads                            = 1                                         {product} {ergonomic}
     uint G1ConcRefinementThreads                  = 4                                         {product} {ergonomic}
   size_t G1HeapRegionSize                         = 1048576                                   {product} {ergonomic}
    uintx GCDrainStackTargetSize                   = 64                                        {product} {ergonomic}
   size_t InitialHeapSize                          = 67108864                                  {product} {command line}
   size_t MarkStackSize                            = 4194304                                   {product} {ergonomic}
   size_t MaxHeapSize                              = 67108864                                  {product} {command line}
   size_t MinHeapDeltaBytes                        = 1048576                                   {product} {ergonomic}
   size_t MinHeapSize                              = 67108864                                  {product} {command line}
    uintx NonNMethodCodeHeapSize                   = 5832780                                {pd product} {ergonomic}
    uintx NonProfiledCodeHeapSize                  = 122912730                              {pd product} {ergonomic}
    uintx ProfiledCodeHeapSize                     = 122912730                              {pd product} {ergonomic}
    uintx ReservedCodeCacheSize                    = 251658240                              {pd product} {ergonomic}
     bool SegmentedCodeCache                       = true                                      {product} {ergonomic}
   size_t SoftMaxHeapSize                          = 67108864                               {manageable} {ergonomic}
     bool UseCompressedClassPointers               = true                           {product lp64_product} {ergonomic}
     bool UseCompressedOops                        = true                           {product lp64_product} {ergonomic}
     bool UseG1GC                                  = true                                      {product} {ergonomic}
     bool UseLargePagesIndividualAllocation        = false                                  {pd product} {ergonomic}

Logging:
Log output configuration:
 #0: stdout all=warning uptime,level,tags foldmultilines=false
 #1: stderr all=off uptime,level,tags foldmultilines=false

Environment Variables:
JAVA_HOME=C:\Program Files\Java\jdk-18.0.2.1
CLASSPATH=C:\Users\ozima\Dropbox\Ozimar\Sesc\Tecnico\Estudos\Modulo_D\PI - Desenvolvedor Mobile\Agenda\android\\gradle\wrapper\gradle-wrapper.jar
PATH=C:\Users\ozima\Dropbox\Ozimar\Sesc\Tecnico\Estudos\Modulo_D\PI - Desenvolvedor Mobile\Agenda\android\node_modules\.bin;C:\Users\ozima\Dropbox\Ozimar\Sesc\Tecnico\Estudos\Modulo_D\PI - Desenvolvedor Mobile\Agenda\node_modules\.bin;C:\Users\ozima\Dropbox\Ozimar\Sesc\Tecnico\Estudos\Modulo_D\PI - Desenvolvedor Mobile\node_modules\.bin;C:\Users\ozima\Dropbox\Ozimar\Sesc\Tecnico\Estudos\Modulo_D\node_modules\.bin;C:\Users\ozima\Dropbox\Ozimar\Sesc\Tecnico\Estudos\node_modules\.bin;C:\Users\ozima\Dropbox\Ozimar\Sesc\Tecnico\node_modules\.bin;C:\Users\ozima\Dropbox\Ozimar\Sesc\node_modules\.bin;C:\Users\ozima\Dropbox\Ozimar\node_modules\.bin;C:\Users\ozima\Dropbox\node_modules\.bin;C:\Users\ozima\node_modules\.bin;C:\Users\node_modules\.bin;C:\node_modules\.bin;C:\Program Files\nodejs;C:\Users\ozima\Dropbox\Ozimar\Sesc\Tecnico\Estudos\Modulo_D\PI - Desenvolvedor Mobile\Agenda\node_modules\.bin;C:\Users\ozima\Dropbox\Ozimar\Sesc\Tecnico\Estudos\Modulo_D\PI - Desenvolvedor Mobile\node_modules\.bin;C:\Users\ozima\Dropbox\Ozimar\Sesc\Tecnico\Estudos\Modulo_D\node_modules\.bin;C:\Users\ozima\Dropbox\Ozimar\Sesc\Tecnico\Estudos\node_modules\.bin;C:\Users\ozima\Dropbox\Ozimar\Sesc\Tecnico\node_modules\.bin;C:\Users\ozima\Dropbox\Ozimar\Sesc\node_modules\.bin;C:\Users\ozima\Dropbox\Ozimar\node_modules\.bin;C:\Users\ozima\Dropbox\node_modules\.bin;C:\Users\ozima\node_modules\.bin;C:\Users\node_modules\.bin;C:\node_modules\.bin;C:\Users\ozima\AppData\Roaming\npm\node_modules\npm\node_modules\@npmcli\run-script\lib\node-gyp-bin;C:\Program Files\Common Files\Oracle\Java\javapath;C:\Program Files\Eclipse Adoptium\jdk-17.0.3.7-hotspot\bin;C:\Program Files (x86)\Common Files\Oracle\Java\javapath;C:\Program Files (x86)\Business Objects\Common\3.5\bin\NOTES\;C:\Program Files (x86)\Business Objects\Common\3.5\bin\NOTES\DATA\;C:\Program Files (x86)\Common Files\Intel\Shared Libraries\redist\intel64_win\compiler;C:\Program Files (x86)\Intel\iCLS Client\;C:\Program Files\Intel\iCLS Client\;C:\Windows\system32;C:\Windows;C:\Windows\System32\Wbem;C:\Windows\System32\WindowsPowerShell\v1.0\;C:\Program Files (x86)\NVIDIA Corporation\PhysX\Common;C:\Program Files (x86)\Intel\Intel(R) Management Engine Components\DAL;C:\Program Files\Intel\Intel(R) Management Engine Components\DAL;C:\Program Files (x86)\Intel\Intel(R) Management Engine Components\IPT;C:\Program Files\Intel\Intel(R) Management Engine Components\IPT;C:\WINDOWS\system32;C:\WINDOWS;C:\WINDOWS\System32\Wbem;C:\WINDOWS\System32\WindowsPowerShell\v1.0\;C:\WINDOWS\System32\OpenSSH\;c:\Program Files (x86)\Microsoft SQL Server\90\Tools\binn\;C:\Program Files (x86)\Microsoft SQL Server\150\Tools\Binn\;C:\Program Files\Microsoft SQL Server\150\Tools\Binn\;C:\Program Files (x86)\Microsoft SQL Server\150\DTS\Binn\;C:\Program Files\Microsoft SQL Server\150\DTS\Binn\;C:\Program Files\Microsoft SQL Server\Client SDK\ODBC\170\Tools\Binn\;C:\Program Files\Azure Data Studio\bin;C:\Program Files\dotnet\;C:\ProgramData\chocolatey\bin;C:\Program Files\Microsoft SQL Server\120\Tools\Binn\;C:\Program Files\Common Files\Autodesk Shared\;C:\Program Files\Git\cmd;C:\Program Files\nodejs\;C:\Program Files\MySQL\MySQL Shell 8.0\bin\;C:\Users\ozima\AppData\Local\Programs\Python\Python38\Scripts\;C:\Users\ozima\AppData\Local\Programs\Python\Python38\;C:\Ruby24-x64\bin;C:\Users\ozima\AppData\Local\Microsoft\WindowsApps;C:\Users\ozima\AppData\Local\Programs\Microsoft VS Code\bin;C:\Program Files\Azure Data Studio\bin;C:\Users\ozima\.dotnet\tools;C:\Users\ozima\AppData\Local\GitHubDesktop\bin;C:\Users\ozima\AppData\Roaming\npm;C:\Users\ozima\Dropbox\Ozimar\Sesc\Tecnico\Estudos\Modulo_D\PI - Desenvolvedor Mobile\Agenda\node_modules\.bin
USERNAME=ozima
LANG=pt_BR.UTF-8
OS=Windows_NT
PROCESSOR_IDENTIFIER=Intel64 Family 6 Model 142 Stepping 9, GenuineIntel



---------------  S Y S T E M  ---------------

OS:
 Windows 10 , 64 bit Build 19041 (10.0.19041.1889)
OS uptime: 1 days 14:42 hours

CPU: total 4 (initial active 4) (2 cores per cpu, 2 threads per core) family 6 model 142 stepping 9 microcode 0xb4, cx8, cmov, fxsr, ht, mmx, 3dnowpref, sse, sse2, sse3, ssse3, sse4.1, sse4.2, popcnt, lzcnt, tsc, tscinvbit, avx, avx2, aes, erms, clmul, bmi1, bmi2, adx, fma, vzeroupper, clflush, clflushopt

Memory: 4k page, system-wide physical 8090M (400M free)
TotalPageFile size 15235M (AvailPageFile size 30M)
current process WorkingSet (physical memory assigned to process): 10M, peak: 10M
current process commit charge ("private bytes"): 12M, peak: 13M

vm_info: Java HotSpot(TM) 64-Bit Server VM (18.0.2.1+1-1) for windows-amd64 JRE (18.0.2.1+1-1), built on Aug 16 2022 01:46:33 by "mach5one" with MS VC++ 16.8 / 16.9 (VS2019)

END.
